#
# There is insufficient memory for the Java Runtime Environment to continue.
# Native memory allocation (malloc) failed to allocate 32784 bytes for Chunk::new
# Possible reasons:
#   The system is out of physical RAM or swap space
#   In 32 bit mode, the process size limit was hit
# Possible solutions:
#   Reduce memory load on the system
#   Increase physical memory or swap space
#   Check if swap backing store is full
#   Use 64 bit Java on a 64 bit OS
#   Decrease Java heap size (-Xmx/-Xms)
#   Decrease number of Java threads
#   Decrease Java thread stack sizes (-Xss)
#   Set larger code cache with -XX:ReservedCodeCacheSize=
# This output file may be truncated or incomplete.
#
#  Out of Memory Error (allocation.cpp:390), pid=9000, tid=0x00000000000026ec
#
# JRE version: Java(TM) SE Runtime Environment (8.0_144-b01) (build 1.8.0_144-b01)
# Java VM: Java HotSpot(TM) 64-Bit Server VM (25.144-b01 mixed mode windows-amd64 compressed oops)
# Failed to write core dump. Minidumps are not enabled by default on client versions of Windows
#

---------------  T H R E A D  ---------------

Current thread (0x000000005853e000):  JavaThread "C2 CompilerThread1" daemon [_thread_in_native, id=9964, stack(0x0000000058e10000,0x0000000058f10000)]

Stack: [0x0000000058e10000,0x0000000058f10000]
[error occurred during error reporting (printing stack bounds), id 0xc0000005]

Native frames: (J=compiled Java code, j=interpreted, Vv=VM code, C=native code)


Current CompileTask:
C2:  16131 5216       4       sun.reflect.annotation.AnnotationInvocationHandler::invoke (277 bytes)


---------------  P R O C E S S  ---------------

Java Threads: ( => current thread )
  0x000000005c37c000 JavaThread "http-bio-8080-AsyncTimeout" daemon [_thread_blocked, id=10036, stack(0x00000000657f0000,0x00000000658f0000)]
  0x000000005aec5800 JavaThread "http-bio-8080-Acceptor-0" daemon [_thread_in_native, id=1368, stack(0x0000000065590000,0x0000000065690000)]
  0x000000005d04f800 JavaThread "ContainerBackgroundProcessor[StandardEngine[Tomcat]]" daemon [_thread_blocked, id=7708, stack(0x0000000065450000,0x0000000065550000)]
  0x000000005eb50800 JavaThread "MySQL Statement Cancellation Timer" daemon [_thread_blocked, id=7652, stack(0x0000000064450000,0x0000000064550000)]
  0x000000005a7c7800 JavaThread "Thread-2" daemon [_thread_in_native, id=9612, stack(0x0000000058d10000,0x0000000058e10000)]
  0x0000000059d4e800 JavaThread "localhost-startStop-1" daemon [_thread_blocked, id=8508, stack(0x000000005e600000,0x000000005e700000)]
  0x000000005891a800 JavaThread "Tomcat-startStop-1" daemon [_thread_blocked, id=3996, stack(0x000000005ce60000,0x000000005cf60000)]
  0x00000000585b7800 JavaThread "Service Thread" daemon [_thread_blocked, id=3196, stack(0x0000000059a90000,0x0000000059b90000)]
  0x000000005853f000 JavaThread "C1 CompilerThread2" daemon [_thread_blocked, id=9840, stack(0x00000000598e0000,0x00000000599e0000)]
=>0x000000005853e000 JavaThread "C2 CompilerThread1" daemon [_thread_in_native, id=9964, stack(0x0000000058e10000,0x0000000058f10000)]
  0x00000000570de000 JavaThread "C2 CompilerThread0" daemon [_thread_in_native, id=7424, stack(0x0000000058c10000,0x0000000058d10000)]
  0x00000000570dc800 JavaThread "Attach Listener" daemon [_thread_blocked, id=4980, stack(0x0000000058970000,0x0000000058a70000)]
  0x000000005853a800 JavaThread "Signal Dispatcher" daemon [_thread_blocked, id=7892, stack(0x0000000058a90000,0x0000000058b90000)]
  0x00000000570ba000 JavaThread "Finalizer" daemon [_thread_blocked, id=10172, stack(0x0000000058430000,0x0000000058530000)]
  0x0000000057072800 JavaThread "Reference Handler" daemon [_thread_blocked, id=8496, stack(0x0000000058220000,0x0000000058320000)]
  0x0000000002258000 JavaThread "main" [_thread_blocked, id=9360, stack(0x0000000002580000,0x0000000002680000)]

Other Threads:
  0x000000005706b000 VMThread [stack: 0x0000000058030000,0x0000000058130000] [id=1180]
  0x00000000585f8000 WatcherThread [stack: 0x0000000059c00000,0x0000000059d00000] [id=9504]

VM state:not at safepoint (normal execution)

VM Mutex/Monitor currently owned by a thread: None

Heap:
 PSYoungGen      total 242688K, used 205392K [0x00000000d7200000, 0x00000000eee80000, 0x0000000100000000)
  eden space 215552K, 95% used [0x00000000d7200000,0x00000000e3a94210,0x00000000e4480000)
  from space 27136K, 0% used [0x00000000e4480000,0x00000000e4480000,0x00000000e5f00000)
  to   space 27136K, 0% used [0x00000000ed400000,0x00000000ed400000,0x00000000eee80000)
 ParOldGen       total 88064K, used 25078K [0x0000000085600000, 0x000000008ac00000, 0x00000000d7200000)
  object space 88064K, 28% used [0x0000000085600000,0x0000000086e7da70,0x000000008ac00000)
 Metaspace       used 45767K, capacity 46644K, committed 46976K, reserved 1089536K
  class space    used 5728K, capacity 5978K, committed 6016K, reserved 1048576K

Card table byte_map: [0x0000000011a40000,0x0000000011e20000] byte_map_base: 0x0000000011615000

Marking Bits: (ParMarkBitMap*) 0x000000005972d850
 Begin Bits: [0x00000000125b0000, 0x0000000014458000)
 End Bits:   [0x0000000014458000, 0x0000000016300000)

Polling page: 0x00000000006b0000

CodeCache: size=245760Kb used=14873Kb max_used=14899Kb free=230886Kb
 bounds [0x0000000002680000, 0x0000000003520000, 0x0000000011680000]
 total_blobs=5471 nmethods=4946 adapters=437
 compilation: enabled

Compilation events (10 events):
Event: 16.082 Thread 0x000000005853e000 nmethod 4043 0x000000000350b2d0 code [0x000000000350bc20, 0x0000000003512020]
Event: 16.082 Thread 0x000000005853e000 5361       4       java.lang.Class::searchMethods (90 bytes)
Event: 16.090 Thread 0x000000005853e000 nmethod 5361 0x0000000002af5a10 code [0x0000000002af5b80, 0x0000000002af6168]
Event: 16.091 Thread 0x000000005853e000 5690       4       java.util.Arrays$ArrayList::indexOf (62 bytes)
Event: 16.094 Thread 0x000000005853e000 nmethod 5690 0x0000000002af54d0 code [0x0000000002af5620, 0x0000000002af5838]
Event: 16.095 Thread 0x000000005853e000 4035       4       org.apache.tomcat.util.bcel.classfile.JavaClass::getAnnotationEntries (121 bytes)
Event: 16.107 Thread 0x000000005853e000 nmethod 4035 0x0000000002b66650 code [0x0000000002b667c0, 0x0000000002b66f38]
Event: 16.107 Thread 0x000000005853e000 4152 %     4       com.sun.org.apache.xerces.internal.impl.io.UTF8Reader::read @ 113 (1443 bytes)
Event: 16.114 Thread 0x000000005853e000 nmethod 4152% 0x0000000002bd8b90 code [0x0000000002bd8ce0, 0x0000000002bd9098]
Event: 16.115 Thread 0x000000005853e000 5216       4       sun.reflect.annotation.AnnotationInvocationHandler::invoke (277 bytes)

GC Heap History (10 events):
Event: 11.395 GC heap before
{Heap before GC invocations=11 (full 1):
 PSYoungGen      total 107008K, used 106990K [0x00000000d7200000, 0x00000000e2080000, 0x0000000100000000)
  eden space 93184K, 100% used [0x00000000d7200000,0x00000000dcd00000,0x00000000dcd00000)
  from space 13824K, 99% used [0x00000000dcd00000,0x00000000dda7ba70,0x00000000dda80000)
  to   space 17408K, 0% used [0x00000000e0f80000,0x00000000e0f80000,0x00000000e2080000)
 ParOldGen       total 64000K, used 22730K [0x0000000085600000, 0x0000000089480000, 0x00000000d7200000)
  object space 64000K, 35% used [0x0000000085600000,0x0000000086c32b90,0x0000000089480000)
 Metaspace       used 23038K, capacity 23610K, committed 23680K, reserved 1071104K
  class space    used 2739K, capacity 2931K, committed 2944K, reserved 1048576K
Event: 11.428 GC heap after
Heap after GC invocations=11 (full 1):
 PSYoungGen      total 157184K, used 17379K [0x00000000d7200000, 0x00000000e2900000, 0x0000000100000000)
  eden space 139776K, 0% used [0x00000000d7200000,0x00000000d7200000,0x00000000dfa80000)
  from space 17408K, 99% used [0x00000000e0f80000,0x00000000e2078d28,0x00000000e2080000)
  to   space 21504K, 0% used [0x00000000dfa80000,0x00000000dfa80000,0x00000000e0f80000)
 ParOldGen       total 64000K, used 27342K [0x0000000085600000, 0x0000000089480000, 0x00000000d7200000)
  object space 64000K, 42% used [0x0000000085600000,0x00000000870b3ab0,0x0000000089480000)
 Metaspace       used 23038K, capacity 23610K, committed 23680K, reserved 1071104K
  class space    used 2739K, capacity 2931K, committed 2944K, reserved 1048576K
}
Event: 11.995 GC heap before
{Heap before GC invocations=12 (full 1):
 PSYoungGen      total 157184K, used 157155K [0x00000000d7200000, 0x00000000e2900000, 0x0000000100000000)
  eden space 139776K, 100% used [0x00000000d7200000,0x00000000dfa80000,0x00000000dfa80000)
  from space 17408K, 99% used [0x00000000e0f80000,0x00000000e2078d28,0x00000000e2080000)
  to   space 21504K, 0% used [0x00000000dfa80000,0x00000000dfa80000,0x00000000e0f80000)
 ParOldGen       total 64000K, used 27342K [0x0000000085600000, 0x0000000089480000, 0x00000000d7200000)
  object space 64000K, 42% used [0x0000000085600000,0x00000000870b3ab0,0x0000000089480000)
 Metaspace       used 23053K, capacity 23614K, committed 23680K, reserved 1071104K
  class space    used 2740K, capacity 2931K, committed 2944K, reserved 1048576K
Event: 12.040 GC heap after
Heap after GC invocations=12 (full 1):
 PSYoungGen      total 161280K, used 21499K [0x00000000d7200000, 0x00000000e7880000, 0x0000000100000000)
  eden space 139776K, 0% used [0x00000000d7200000,0x00000000d7200000,0x00000000dfa80000)
  from space 21504K, 99% used [0x00000000dfa80000,0x00000000e0f7ec20,0x00000000e0f80000)
  to   space 26112K, 0% used [0x00000000e5f00000,0x00000000e5f00000,0x00000000e7880000)
 ParOldGen       total 64000K, used 31683K [0x0000000085600000, 0x0000000089480000, 0x00000000d7200000)
  object space 64000K, 49% used [0x0000000085600000,0x00000000874f0d10,0x0000000089480000)
 Metaspace       used 23053K, capacity 23614K, committed 23680K, reserved 1071104K
  class space    used 2740K, capacity 2931K, committed 2944K, reserved 1048576K
}
Event: 13.115 GC heap before
{Heap before GC invocations=13 (full 1):
 PSYoungGen      total 161280K, used 161275K [0x00000000d7200000, 0x00000000e7880000, 0x0000000100000000)
  eden space 139776K, 100% used [0x00000000d7200000,0x00000000dfa80000,0x00000000dfa80000)
  from space 21504K, 99% used [0x00000000dfa80000,0x00000000e0f7ec20,0x00000000e0f80000)
  to   space 26112K, 0% used [0x00000000e5f00000,0x00000000e5f00000,0x00000000e7880000)
 ParOldGen       total 64000K, used 31683K [0x0000000085600000, 0x0000000089480000, 0x00000000d7200000)
  object space 64000K, 49% used [0x0000000085600000,0x00000000874f0d10,0x0000000089480000)
 Metaspace       used 31710K, capacity 32474K, committed 32768K, reserved 1077248K
  class space    used 3846K, capacity 4061K, committed 4096K, reserved 1048576K
Event: 13.162 GC heap after
Heap after GC invocations=13 (full 1):
 PSYoungGen      total 241664K, used 18730K [0x00000000d7200000, 0x00000000e7a00000, 0x0000000100000000)
  eden space 215552K, 0% used [0x00000000d7200000,0x00000000d7200000,0x00000000e4480000)
  from space 26112K, 71% used [0x00000000e5f00000,0x00000000e714a8d0,0x00000000e7880000)
  to   space 27136K, 0% used [0x00000000e4480000,0x00000000e4480000,0x00000000e5f00000)
 ParOldGen       total 64000K, used 33938K [0x0000000085600000, 0x0000000089480000, 0x00000000d7200000)
  object space 64000K, 53% used [0x0000000085600000,0x0000000087724be0,0x0000000089480000)
 Metaspace       used 31710K, capacity 32474K, committed 32768K, reserved 1077248K
  class space    used 3846K, capacity 4061K, committed 4096K, reserved 1048576K
}
Event: 13.503 GC heap before
{Heap before GC invocations=14 (full 1):
 PSYoungGen      total 241664K, used 73462K [0x00000000d7200000, 0x00000000e7a00000, 0x0000000100000000)
  eden space 215552K, 25% used [0x00000000d7200000,0x00000000da773290,0x00000000e4480000)
  from space 26112K, 71% used [0x00000000e5f00000,0x00000000e714a8d0,0x00000000e7880000)
  to   space 27136K, 0% used [0x00000000e4480000,0x00000000e4480000,0x00000000e5f00000)
 ParOldGen       total 64000K, used 33938K [0x0000000085600000, 0x0000000089480000, 0x00000000d7200000)
  object space 64000K, 53% used [0x0000000085600000,0x0000000087724be0,0x0000000089480000)
 Metaspace       used 34487K, capacity 35276K, committed 35496K, reserved 1081344K
  class space    used 4292K, capacity 4520K, committed 4608K, reserved 1048576K
Event: 13.549 GC heap after
Heap after GC invocations=14 (full 1):
 PSYoungGen      total 242688K, used 3183K [0x00000000d7200000, 0x00000000eee80000, 0x0000000100000000)
  eden space 215552K, 0% used [0x00000000d7200000,0x00000000d7200000,0x00000000e4480000)
  from space 27136K, 11% used [0x00000000e4480000,0x00000000e479bc28,0x00000000e5f00000)
  to   space 27136K, 0% used [0x00000000ed400000,0x00000000ed400000,0x00000000eee80000)
 ParOldGen       total 64000K, used 40486K [0x0000000085600000, 0x0000000089480000, 0x00000000d7200000)
  object space 64000K, 63% used [0x0000000085600000,0x0000000087d89988,0x0000000089480000)
 Metaspace       used 34487K, capacity 35276K, committed 35496K, reserved 1081344K
  class space    used 4292K, capacity 4520K, committed 4608K, reserved 1048576K
}
Event: 13.549 GC heap before
{Heap before GC invocations=15 (full 2):
 PSYoungGen      total 242688K, used 3183K [0x00000000d7200000, 0x00000000eee80000, 0x0000000100000000)
  eden space 215552K, 0% used [0x00000000d7200000,0x00000000d7200000,0x00000000e4480000)
  from space 27136K, 11% used [0x00000000e4480000,0x00000000e479bc28,0x00000000e5f00000)
  to   space 27136K, 0% used [0x00000000ed400000,0x00000000ed400000,0x00000000eee80000)
 ParOldGen       total 64000K, used 40486K [0x0000000085600000, 0x0000000089480000, 0x00000000d7200000)
  object space 64000K, 63% used [0x0000000085600000,0x0000000087d89988,0x0000000089480000)
 Metaspace       used 34487K, capacity 35276K, committed 35496K, reserved 1081344K
  class space    used 4292K, capacity 4520K, committed 4608K, reserved 1048576K
Event: 13.721 GC heap after
Heap after GC invocations=15 (full 2):
 PSYoungGen      total 242688K, used 0K [0x00000000d7200000, 0x00000000eee80000, 0x0000000100000000)
  eden space 215552K, 0% used [0x00000000d7200000,0x00000000d7200000,0x00000000e4480000)
  from space 27136K, 0% used [0x00000000e4480000,0x00000000e4480000,0x00000000e5f00000)
  to   space 27136K, 0% used [0x00000000ed400000,0x00000000ed400000,0x00000000eee80000)
 ParOldGen       total 88064K, used 25078K [0x0000000085600000, 0x000000008ac00000, 0x00000000d7200000)
  object space 88064K, 28% used [0x0000000085600000,0x0000000086e7da70,0x000000008ac00000)
 Metaspace       used 34487K, capacity 35276K, committed 35496K, reserved 1081344K
  class space    used 4292K, capacity 4520K, committed 4608K, reserved 1048576K
}

Deoptimization events (10 events):
Event: 14.981 Thread 0x0000000059d4e800 Uncommon trap: reason=class_check action=maybe_recompile pc=0x0000000002daea30 method=java.util.Collections$UnmodifiableMap$UnmodifiableEntrySet$UnmodifiableEntry.getKey()Ljava/lang/Object; @ 4
Event: 14.981 Thread 0x0000000059d4e800 Uncommon trap: reason=class_check action=maybe_recompile pc=0x0000000002dae7b0 method=java.util.Collections$UnmodifiableMap$UnmodifiableEntrySet$UnmodifiableEntry.getValue()Ljava/lang/Object; @ 4
Event: 15.033 Thread 0x0000000059d4e800 Uncommon trap: reason=class_check action=maybe_recompile pc=0x0000000002d3d97c method=java.util.Collections$UnmodifiableMap$UnmodifiableEntrySet$1.hasNext()Z @ 4
Event: 15.047 Thread 0x0000000059d4e800 Uncommon trap: reason=class_check action=maybe_recompile pc=0x0000000002d9ee54 method=java.util.Collections$UnmodifiableMap$UnmodifiableEntrySet$1.next()Ljava/util/Map$Entry; @ 8
Event: 15.047 Thread 0x0000000059d4e800 Uncommon trap: reason=class_check action=maybe_recompile pc=0x0000000002daea30 method=java.util.Collections$UnmodifiableMap$UnmodifiableEntrySet$UnmodifiableEntry.getKey()Ljava/lang/Object; @ 4
Event: 15.047 Thread 0x0000000059d4e800 Uncommon trap: reason=class_check action=maybe_recompile pc=0x0000000002dae7b0 method=java.util.Collections$UnmodifiableMap$UnmodifiableEntrySet$UnmodifiableEntry.getValue()Ljava/lang/Object; @ 4
Event: 15.584 Thread 0x0000000059d4e800 Uncommon trap: reason=bimorphic action=maybe_recompile pc=0x0000000002f49184 method=java.util.Hashtable.putAll(Ljava/util/Map;)V @ 1
Event: 15.727 Thread 0x0000000059d4e800 Uncommon trap: reason=bimorphic action=maybe_recompile pc=0x00000000034c1290 method=java.util.concurrent.ConcurrentHashMap.putVal(Ljava/lang/Object;Ljava/lang/Object;Z)Ljava/lang/Object; @ 192
Event: 15.728 Thread 0x0000000059d4e800 Uncommon trap: reason=bimorphic action=maybe_recompile pc=0x00000000034c1290 method=java.util.concurrent.ConcurrentHashMap.putVal(Ljava/lang/Object;Ljava/lang/Object;Z)Ljava/lang/Object; @ 192
Event: 15.728 Thread 0x0000000059d4e800 Uncommon trap: reason=bimorphic action=maybe_recompile pc=0x00000000034c1290 method=java.util.concurrent.ConcurrentHashMap.putVal(Ljava/lang/Object;Ljava/lang/Object;Z)Ljava/lang/Object; @ 192

Internal exceptions (10 events):
Event: 15.938 Thread 0x0000000059d4e800 Exception <a 'java/lang/ClassNotFoundException': org/springframework/web/servlet/theme/FixedThemeResolverCustomizer> (0x00000000e2eed1e8) thrown at [C:\re\workspace\8-2-build-windows-amd64-cygwin\jdk8u144\9417\hotspot\src\share\vm\classfile\systemDictiona
Event: 15.939 Thread 0x0000000059d4e800 Exception <a 'java/lang/ClassNotFoundException': org/springframework/web/servlet/ThemeResolverCustomizer> (0x00000000e2f0ed98) thrown at [C:\re\workspace\8-2-build-windows-amd64-cygwin\jdk8u144\9417\hotspot\src\share\vm\classfile\systemDictionary.cpp, lin
Event: 15.947 Thread 0x0000000059d4e800 Exception <a 'java/lang/ClassNotFoundException': org/springframework/web/servlet/view/DefaultRequestToViewNameTranslatorBeanInfo> (0x00000000e2f540d0) thrown at [C:\re\workspace\8-2-build-windows-amd64-cygwin\jdk8u144\9417\hotspot\src\share\vm\classfile\s
Event: 15.948 Thread 0x0000000059d4e800 Exception <a 'java/lang/ClassNotFoundException': org/springframework/web/servlet/view/DefaultRequestToViewNameTranslatorCustomizer> (0x00000000e2f78dc0) thrown at [C:\re\workspace\8-2-build-windows-amd64-cygwin\jdk8u144\9417\hotspot\src\share\vm\classfile
Event: 15.949 Thread 0x0000000059d4e800 Exception <a 'java/lang/ClassNotFoundException': org/springframework/web/servlet/RequestToViewNameTranslatorCustomizer> (0x00000000e2facce0) thrown at [C:\re\workspace\8-2-build-windows-amd64-cygwin\jdk8u144\9417\hotspot\src\share\vm\classfile\systemDicti
Event: 15.957 Thread 0x0000000059d4e800 Exception <a 'java/lang/ClassNotFoundException': org/springframework/web/servlet/support/SessionFlashMapManagerBeanInfo> (0x00000000e3010b80) thrown at [C:\re\workspace\8-2-build-windows-amd64-cygwin\jdk8u144\9417\hotspot\src\share\vm\classfile\systemDict
Event: 15.958 Thread 0x0000000059d4e800 Exception <a 'java/lang/ClassNotFoundException': org/springframework/web/servlet/support/AbstractFlashMapManagerBeanInfo> (0x00000000e3033d48) thrown at [C:\re\workspace\8-2-build-windows-amd64-cygwin\jdk8u144\9417\hotspot\src\share\vm\classfile\systemDic
Event: 15.959 Thread 0x0000000059d4e800 Exception <a 'java/lang/ClassNotFoundException': org/springframework/web/servlet/support/AbstractFlashMapManagerCustomizer> (0x00000000e3057360) thrown at [C:\re\workspace\8-2-build-windows-amd64-cygwin\jdk8u144\9417\hotspot\src\share\vm\classfile\systemD
Event: 15.960 Thread 0x0000000059d4e800 Exception <a 'java/lang/ClassNotFoundException': org/springframework/web/servlet/support/SessionFlashMapManagerCustomizer> (0x00000000e3081e40) thrown at [C:\re\workspace\8-2-build-windows-amd64-cygwin\jdk8u144\9417\hotspot\src\share\vm\classfile\systemDi
Event: 15.961 Thread 0x0000000059d4e800 Exception <a 'java/lang/ClassNotFoundException': org/springframework/web/servlet/FlashMapManagerCustomizer> (0x00000000e30a39e8) thrown at [C:\re\workspace\8-2-build-windows-amd64-cygwin\jdk8u144\9417\hotspot\src\share\vm\classfile\systemDictionary.cpp, l

Events (10 events):
Event: 15.996 Executing VM operation: RevokeBias done
Event: 15.996 loading class org/apache/tomcat/maven/common/run/EmbeddedRegistry$1
Event: 15.996 loading class org/apache/tomcat/maven/common/run/EmbeddedRegistry$1 done
Event: 15.996 Executing VM operation: RevokeBias
Event: 15.997 Executing VM operation: RevokeBias done
Event: 15.997 loading class org/apache/tomcat/maven/common/run/EmbeddedRegistry$1
Event: 15.997 loading class org/apache/tomcat/maven/common/run/EmbeddedRegistry$1 done
Event: 16.082 Thread 0x000000005853e000 flushing nmethod 0x0000000002bd8a10
Event: 16.095 Thread 0x000000005853e000 flushing nmethod 0x0000000002daf350
Event: 16.115 Thread 0x000000005853e000 flushing nmethod 0x0000000002fbcf90


Dynamic libraries:
0x000000013fb00000 - 0x000000013fb37000 	C:\Program Files\Java\jre1.8.0_144\bin\javaw.exe
0x0000000076fc0000 - 0x000000007715f000 	C:\Windows\SYSTEM32\ntdll.dll
0x0000000076da0000 - 0x0000000076ebf000 	C:\Windows\system32\kernel32.dll
0x000007fefccd0000 - 0x000007fefcd3a000 	C:\Windows\system32\KERNELBASE.dll
0x000000006b690000 - 0x000000006b9e2000 	C:\ProgramData\Symantec\Symantec Endpoint Protection\14.0.3929.1200.105\Data\Definitions\IPSDefs\20180508.061\IPSEng64.dll
0x000007fefe5c0000 - 0x000007fefe69b000 	C:\Windows\system32\ADVAPI32.dll
0x000007fefd050000 - 0x000007fefd0ef000 	C:\Windows\system32\msvcrt.dll
0x000007fefebb0000 - 0x000007fefebcf000 	C:\Windows\SYSTEM32\sechost.dll
0x000007fefd0f0000 - 0x000007fefd21d000 	C:\Windows\system32\RPCRT4.dll
0x0000000077160000 - 0x0000000077167000 	C:\Windows\system32\PSAPI.DLL
0x0000000076ec0000 - 0x0000000076fba000 	C:\Windows\system32\USER32.dll
0x000007fefe760000 - 0x000007fefe7c7000 	C:\Windows\system32\GDI32.dll
0x0000000000230000 - 0x000000000023e000 	C:\Windows\system32\LPK.dll
0x000007fefd4a0000 - 0x000007fefd56b000 	C:\Windows\system32\USP10.dll
0x000007fefb550000 - 0x000007fefb744000 	C:\Windows\WinSxS\amd64_microsoft.windows.common-controls_6595b64144ccf1df_6.0.7601.18837_none_fa3b1e3d17594757\COMCTL32.dll
0x000007fefebd0000 - 0x000007fefec41000 	C:\Windows\system32\SHLWAPI.dll
0x000007fef9b70000 - 0x000007fef9b73000 	C:\Windows\system32\api-ms-win-core-synch-l1-2-0.DLL
0x000007fefe6d0000 - 0x000007fefe6fe000 	C:\Windows\system32\IMM32.DLL
0x000007fefd2c0000 - 0x000007fefd3c9000 	C:\Windows\system32\MSCTF.dll
0x0000000070b50000 - 0x0000000070c22000 	C:\Program Files\Java\jre1.8.0_144\bin\msvcr100.dll
0x0000000058f10000 - 0x00000000597ad000 	C:\Program Files\Java\jre1.8.0_144\bin\server\jvm.dll
0x000007fef8420000 - 0x000007fef8429000 	C:\Windows\system32\WSOCK32.dll
0x000007fefd3d0000 - 0x000007fefd41d000 	C:\Windows\system32\WS2_32.dll
0x000007fefe6c0000 - 0x000007fefe6c8000 	C:\Windows\system32\NSI.dll
0x000007fef9540000 - 0x000007fef957b000 	C:\Windows\system32\WINMM.dll
0x000007fefbd60000 - 0x000007fefbd6c000 	C:\Windows\system32\VERSION.dll
0x0000000070b40000 - 0x0000000070b4f000 	C:\Program Files\Java\jre1.8.0_144\bin\verify.dll
0x0000000070b10000 - 0x0000000070b39000 	C:\Program Files\Java\jre1.8.0_144\bin\java.dll
0x0000000070af0000 - 0x0000000070b06000 	C:\Program Files\Java\jre1.8.0_144\bin\zip.dll
0x000007fefd650000 - 0x000007fefe3db000 	C:\Windows\system32\SHELL32.dll
0x000007feff0b0000 - 0x000007feff2ad000 	C:\Windows\system32\ole32.dll
0x000007fefcca0000 - 0x000007fefccaf000 	C:\Windows\system32\profapi.dll
0x0000000070ad0000 - 0x0000000070aea000 	C:\Program Files\Java\jre1.8.0_144\bin\net.dll
0x000007fefc420000 - 0x000007fefc475000 	C:\Windows\system32\mswsock.dll
0x000007fefc410000 - 0x000007fefc417000 	C:\Windows\System32\wship6.dll
0x0000000070ab0000 - 0x0000000070ac1000 	C:\Program Files\Java\jre1.8.0_144\bin\nio.dll
0x000007fefc670000 - 0x000007fefc688000 	C:\Windows\system32\CRYPTSP.dll
0x000007fefc170000 - 0x000007fefc1b7000 	C:\Windows\system32\rsaenh.dll
0x0000000000740000 - 0x000000000075e000 	C:\Windows\system32\USERENV.dll
0x000007fefcb30000 - 0x000007fefcb3f000 	C:\Windows\system32\CRYPTBASE.dll
0x000007fef8ff0000 - 0x000007fef9017000 	C:\Windows\system32\IPHLPAPI.DLL
0x000007fef93d0000 - 0x000007fef93db000 	C:\Windows\system32\WINNSI.DLL
0x000007fef88e0000 - 0x000007fef88f1000 	C:\Windows\system32\dhcpcsvc6.DLL
0x000007fef8ad0000 - 0x000007fef8ae8000 	C:\Windows\system32\dhcpcsvc.DLL
0x00000000737e0000 - 0x00000000737ed000 	C:\Program Files\Java\jre1.8.0_144\bin\management.dll
0x000007fefbe30000 - 0x000007fefbe37000 	C:\Windows\System32\wshtcpip.dll
0x000007fefc290000 - 0x000007fefc2eb000 	C:\Windows\system32\DNSAPI.dll
0x000007fef8050000 - 0x000007fef8058000 	C:\Windows\system32\rasadhlp.dll
0x000007fef8930000 - 0x000007fef8983000 	C:\Windows\System32\fwpuclnt.dll

VM Arguments:
jvm_args: -Dmaven.home=EMBEDDED -Dclassworlds.conf=D:\Training Java\Test_20180411\.metadata\.plugins\org.eclipse.m2e.launching\launches\m2conf5708850053930770650.tmp -Dmaven.multiModuleProjectDirectory=D:\Training Java\Test_20180411\BanHangOnline -Dfile.encoding=MS932 
java_command: org.codehaus.plexus.classworlds.launcher.Launcher -B tomcat7:run
java_class_path (initial): D:\Training Java\eclipse\plugins\org.eclipse.m2e.maven.runtime_1.8.3.20180227-2135\jars\plexus-classworlds-2.5.2.jar
Launcher Type: SUN_STANDARD

Environment Variables:
JAVA_HOME=C:\Program Files\Java\jdk1.8.0_144
PATH=D:\Training Java\Tool\apache-maven-3.5.2\bin;C:\ProgramData\Oracle\Java\javapath;-Xms512m -Xmx512m -XX:MaxPermSize=256m;C:\Program Files\Java\jdk1.8.0_144\bin;C:\Program Files (x86)\Intel\iCLS Client\;C:\Program Files\Intel\iCLS Client\;C:\Windows\system32;C:\Windows;C:\Windows\System32\Wbem;C:\Windows\System32\WindowsPowerShell\v1.0\;C:\Program Files (x86)\Intel\UCRT\;C:\Program Files\TortoiseSVN\bin;C:\Users\User\.dnx\bin;C:\Program Files\Microsoft DNX\Dnvm\;C:\Program Files (x86)\Windows Kits\8.1\Windows Performance Toolkit\;C:\Program Files\Microsoft SQL Server\130\Tools\Binn\;C:\Program Files\Microsoft SQL Server\120\Tools\Binn\;C:\Program Files\Microsoft SQLServer\Client SDK\ODBC\110\Tools\Binn\;C:\Program Files (x86)\Microsoft SQL Server\120\Tools\Binn\;C:\Program Files\Microsoft SQL Server\120\DTS\Binn\;C:\Program Files (x86)\Microsoft SQL Server\120\Tools\Binn\ManagementStudio\;C:\ProgramFiles (x86)\Microsoft SQL Server\120\DTS\Binn\;C:\Program Files\Intel\UCRT\;C:\Program Files (x86)\Intel\Intel(R) Management Engine Components\DAL;C:\Program Files\Intel\Intel(R) Management Engine Components\DAL;C:\Program Files (x86)\Intel\Intel(R) Management Engine Components\IPT;C:\Program Files\Intel\Intel(R) Management Engine Components\IPT;c:\Program Files\Microsoft SQL Server\Client SDK\ODBC\110\Tools\Binn\;c:\Program Files (x86)\Microsoft SQL Server\120\DTS\Binn\;C:\Program Files (x86)\Intel\OpenCL SDK\2.0\bin\x86;C:\Program Files (x86)\Intel\OpenCL SDK\2.0\bin\x64;C:\Program Files (x86)\MySQL\MySQL Fabric 1.5.3 & MySQL Utilities 1.5.3 1.5\;C:\Program Files (x86)\MySQL\MySQL Fabric 1.5.3 & MySQL Utilities 1.5.3 1.5\Doctrine extensions for PHP\;C:\Program Files\Git\cmd;C:\Program Files (x86)\VisualSVN Server\bin;C:\Program Files (x86)\Microsoft VS Code\bin
USERNAME=luan-pt
OS=Windows_NT
PROCESSOR_IDENTIFIER=Intel64 Family 6 Model 58 Stepping 9, GenuineIntel



---------------  S Y S T E M  ---------------

OS: Windows 7 , 64 bit Build 7601 (6.1.7601.24059)

CPU:total 4 (initial active 4) (4 cores per cpu, 1 threads per core) family 6 model 58 stepping 9, cmov, cx8, fxsr, mmx, sse, sse2, sse3, ssse3, sse4.1, sse4.2, popcnt, avx, aes, clmul, erms, tsc, tscinvbit, tscinv

Memory: 4k page, physical 8031352k(1206660k free), swap 8029476k(5040k free)

vm_info: Java HotSpot(TM) 64-Bit Server VM (25.144-b01) for windows-amd64 JRE (1.8.0_144-b01), built on Jul 21 2017 21:57:33 by "java_re" with MS VC++ 10.0 (VS2010)

time: Thu May 10 09:37:02 2018
elapsed time: 16 seconds (0d 0h 0m 16s)

